2018-03-06 16:57:08 DEBUG [main] service.AbstractService[AbstractService.java:197] - Service: Dispatcher entered state INITED
2018-03-06 16:57:08 DEBUG [main] service.AbstractService[AbstractService.java:99] - Service Dispatcher is inited
2018-03-06 16:57:08 DEBUG [main] service.AbstractService[AbstractService.java:134] - Service Dispatcher is started
2018-03-06 16:57:08 DEBUG [main] service.AbstractService[AbstractService.java:197] - Service: ClientRMService entered state INITED
2018-03-06 16:57:08 DEBUG [main] service.AbstractService[AbstractService.java:99] - Service ClientRMService is inited
2018-03-06 16:57:08 DEBUG [main] service.AbstractService[AbstractService.java:134] - Service ClientRMService is started
2018-03-06 16:57:08 DEBUG [main] service.AbstractService[AbstractService.java:197] - Service: resourceManager.resourceTrackerService.ResourceTrackerService entered state INITED
2018-03-06 16:57:08 DEBUG [main] service.AbstractService[AbstractService.java:99] - Service resourceManager.resourceTrackerService.ResourceTrackerService is inited
2018-03-06 16:57:08 DEBUG [main] service.AbstractService[AbstractService.java:134] - Service resourceManager.resourceTrackerService.ResourceTrackerService is started
2018-03-06 17:06:59 DEBUG [main] service.AbstractService[AbstractService.java:197] - Service: Dispatcher entered state INITED
2018-03-06 17:06:59 DEBUG [main] service.AbstractService[AbstractService.java:99] - Service Dispatcher is inited
2018-03-06 17:06:59 DEBUG [main] service.AbstractService[AbstractService.java:134] - Service Dispatcher is started
2018-03-06 17:06:59 DEBUG [main] service.AbstractService[AbstractService.java:197] - Service: nodeManager.nodeStatusUpdater.NodeStatusUpdaterImpl entered state INITED
2018-03-06 17:06:59 DEBUG [main] service.AbstractService[AbstractService.java:99] - Service nodeManager.nodeStatusUpdater.NodeStatusUpdaterImpl is inited
2018-03-06 17:06:59 DEBUG [main] service.AbstractService[AbstractService.java:134] - Service nodeManager.nodeStatusUpdater.NodeStatusUpdaterImpl is started
2018-03-06 21:18:52 DEBUG [main] service.AbstractService[AbstractService.java:197] - Service: resourceManager.applicationMasterLauncher.ApplicationMasterLauncher entered state INITED
2018-03-06 21:18:52 DEBUG [main] service.AbstractService[AbstractService.java:99] - Service resourceManager.applicationMasterLauncher.ApplicationMasterLauncher is inited
2018-03-06 21:18:52 DEBUG [main] service.AbstractService[AbstractService.java:134] - Service resourceManager.applicationMasterLauncher.ApplicationMasterLauncher is started
2018-03-06 21:21:21 DEBUG [main] service.AbstractService[AbstractService.java:197] - Service: Dispatcher entered state INITED
2018-03-06 21:21:21 DEBUG [main] service.AbstractService[AbstractService.java:99] - Service Dispatcher is inited
2018-03-06 21:21:21 DEBUG [main] service.AbstractService[AbstractService.java:134] - Service Dispatcher is started
2018-03-06 21:21:21 DEBUG [main] service.AbstractService[AbstractService.java:197] - Service: resourceManager.applicationMasterLauncher.ApplicationMasterLauncher entered state INITED
2018-03-06 21:21:21 DEBUG [main] service.AbstractService[AbstractService.java:99] - Service resourceManager.applicationMasterLauncher.ApplicationMasterLauncher is inited
2018-03-06 21:21:21 DEBUG [main] service.AbstractService[AbstractService.java:134] - Service resourceManager.applicationMasterLauncher.ApplicationMasterLauncher is started
2018-03-06 21:26:29 DEBUG [main] service.AbstractService[AbstractService.java:197] - Service: Dispatcher entered state INITED
2018-03-06 21:26:29 DEBUG [main] service.AbstractService[AbstractService.java:99] - Service Dispatcher is inited
2018-03-06 21:26:29 DEBUG [main] service.AbstractService[AbstractService.java:134] - Service Dispatcher is started
2018-03-06 21:26:29 DEBUG [main] service.AbstractService[AbstractService.java:197] - Service: resourceManager.applicationMasterLauncher.ApplicationMasterLauncher entered state INITED
2018-03-06 21:26:29 DEBUG [main] service.AbstractService[AbstractService.java:99] - Service resourceManager.applicationMasterLauncher.ApplicationMasterLauncher is inited
2018-03-06 21:26:29 DEBUG [main] service.AbstractService[AbstractService.java:134] - Service resourceManager.applicationMasterLauncher.ApplicationMasterLauncher is started
2018-03-06 21:29:47 DEBUG [main] service.AbstractService[AbstractService.java:197] - Service: Dispatcher entered state INITED
2018-03-06 21:29:47 DEBUG [main] service.AbstractService[AbstractService.java:99] - Service Dispatcher is inited
2018-03-06 21:29:47 DEBUG [main] service.AbstractService[AbstractService.java:134] - Service Dispatcher is started
2018-03-06 21:29:47 DEBUG [main] service.AbstractService[AbstractService.java:197] - Service: resourceManager.applicationMasterLauncher.ApplicationMasterLauncher entered state INITED
2018-03-06 21:29:47 DEBUG [main] service.AbstractService[AbstractService.java:99] - Service resourceManager.applicationMasterLauncher.ApplicationMasterLauncher is inited
2018-03-06 21:29:47 DEBUG [main] service.AbstractService[AbstractService.java:134] - Service resourceManager.applicationMasterLauncher.ApplicationMasterLauncher is started
2018-03-06 22:00:17 DEBUG [main] service.AbstractService[AbstractService.java:197] - Service: Dispatcher entered state INITED
2018-03-06 22:00:17 DEBUG [main] service.AbstractService[AbstractService.java:99] - Service Dispatcher is inited
2018-03-06 22:00:17 DEBUG [main] service.AbstractService[AbstractService.java:134] - Service Dispatcher is started
2018-03-06 22:00:17 DEBUG [main] service.AbstractService[CompositeService.java:49] - Adding service containers-launcher
2018-03-06 22:00:17 DEBUG [main] service.AbstractService[CompositeService.java:49] - Adding service Dispatcher
2018-03-06 22:00:17 DEBUG [main] service.AbstractService[CompositeService.java:49] - Adding service nodeManager.resourceLocalizationService.ResourceLocalizationService
2018-03-06 22:00:17 DEBUG [main] service.AbstractService[AbstractService.java:197] - Service: nodeManager.containerManagerImpl.ContainerManagerImpl entered state INITED
2018-03-06 22:00:17 DEBUG [main] service.AbstractService[CompositeService.java:80] - nodeManager.containerManagerImpl.ContainerManagerImpl: initing services, size=3
2018-03-06 22:00:17 DEBUG [main] service.AbstractService[AbstractService.java:197] - Service: containers-launcher entered state INITED
2018-03-06 22:00:17 DEBUG [main] service.AbstractService[AbstractService.java:99] - Service containers-launcher is inited
2018-03-06 22:00:17 DEBUG [main] service.AbstractService[AbstractService.java:197] - Service: Dispatcher entered state INITED
2018-03-06 22:00:17 DEBUG [main] service.AbstractService[AbstractService.java:99] - Service Dispatcher is inited
2018-03-06 22:00:17 DEBUG [main] service.AbstractService[AbstractService.java:197] - Service: nodeManager.resourceLocalizationService.ResourceLocalizationService entered state INITED
2018-03-06 22:00:17 DEBUG [main] service.AbstractService[AbstractService.java:197] - Service:  entered state INITED
2018-03-06 22:00:17 DEBUG [main] service.AbstractService[AbstractService.java:99] - Service  is inited
2018-03-06 22:00:17 DEBUG [main] service.AbstractService[AbstractService.java:99] - Service nodeManager.resourceLocalizationService.ResourceLocalizationService is inited
2018-03-06 22:00:17 DEBUG [main] service.AbstractService[AbstractService.java:99] - Service nodeManager.containerManagerImpl.ContainerManagerImpl is inited
2018-03-06 22:00:17 DEBUG [main] service.AbstractService[CompositeService.java:91] - nodeManager.containerManagerImpl.ContainerManagerImpl: starting services, size=3
2018-03-06 22:00:17 DEBUG [main] service.AbstractService[AbstractService.java:134] - Service containers-launcher is started
2018-03-06 22:00:17 DEBUG [main] service.AbstractService[AbstractService.java:134] - Service Dispatcher is started
2018-03-06 22:00:17 DEBUG [main] service.AbstractService[AbstractService.java:134] - Service  is started
2018-03-06 22:00:17 DEBUG [main] service.AbstractService[AbstractService.java:134] - Service nodeManager.resourceLocalizationService.ResourceLocalizationService is started
2018-03-06 22:00:17 DEBUG [main] service.AbstractService[AbstractService.java:134] - Service nodeManager.containerManagerImpl.ContainerManagerImpl is started
2018-03-06 22:00:55 DEBUG [main] service.AbstractService[AbstractService.java:197] - Service: Dispatcher entered state INITED
2018-03-06 22:00:55 DEBUG [main] service.AbstractService[AbstractService.java:99] - Service Dispatcher is inited
2018-03-06 22:00:55 DEBUG [main] service.AbstractService[AbstractService.java:134] - Service Dispatcher is started
2018-03-06 22:00:55 DEBUG [main] service.AbstractService[CompositeService.java:49] - Adding service containers-launcher
2018-03-06 22:00:55 DEBUG [main] service.AbstractService[CompositeService.java:49] - Adding service Dispatcher
2018-03-06 22:00:55 DEBUG [main] service.AbstractService[CompositeService.java:49] - Adding service nodeManager.resourceLocalizationService.ResourceLocalizationService
2018-03-06 22:00:55 DEBUG [main] service.AbstractService[AbstractService.java:197] - Service: nodeManager.containerManagerImpl.ContainerManagerImpl entered state INITED
2018-03-06 22:00:55 DEBUG [main] service.AbstractService[CompositeService.java:80] - nodeManager.containerManagerImpl.ContainerManagerImpl: initing services, size=3
2018-03-06 22:00:55 DEBUG [main] service.AbstractService[AbstractService.java:197] - Service: containers-launcher entered state INITED
2018-03-06 22:00:55 DEBUG [main] service.AbstractService[AbstractService.java:99] - Service containers-launcher is inited
2018-03-06 22:00:55 DEBUG [main] service.AbstractService[AbstractService.java:197] - Service: Dispatcher entered state INITED
2018-03-06 22:00:55 DEBUG [main] service.AbstractService[AbstractService.java:99] - Service Dispatcher is inited
2018-03-06 22:00:55 DEBUG [main] service.AbstractService[AbstractService.java:197] - Service: nodeManager.resourceLocalizationService.ResourceLocalizationService entered state INITED
2018-03-06 22:00:55 DEBUG [main] service.AbstractService[AbstractService.java:197] - Service:  entered state INITED
2018-03-06 22:00:55 DEBUG [main] service.AbstractService[AbstractService.java:99] - Service  is inited
2018-03-06 22:00:55 DEBUG [main] service.AbstractService[AbstractService.java:99] - Service nodeManager.resourceLocalizationService.ResourceLocalizationService is inited
2018-03-06 22:00:55 DEBUG [main] service.AbstractService[AbstractService.java:99] - Service nodeManager.containerManagerImpl.ContainerManagerImpl is inited
2018-03-06 22:00:55 DEBUG [main] service.AbstractService[CompositeService.java:91] - nodeManager.containerManagerImpl.ContainerManagerImpl: starting services, size=3
2018-03-06 22:00:55 DEBUG [main] service.AbstractService[AbstractService.java:134] - Service containers-launcher is started
2018-03-06 22:00:55 DEBUG [main] service.AbstractService[AbstractService.java:134] - Service Dispatcher is started
2018-03-06 22:00:55 DEBUG [main] service.AbstractService[AbstractService.java:134] - Service  is started
2018-03-06 22:00:55 DEBUG [main] service.AbstractService[AbstractService.java:134] - Service nodeManager.resourceLocalizationService.ResourceLocalizationService is started
2018-03-06 22:00:55 DEBUG [main] service.AbstractService[AbstractService.java:134] - Service nodeManager.containerManagerImpl.ContainerManagerImpl is started
2018-03-06 22:59:53 DEBUG [main] service.AbstractService[AbstractService.java:197] - Service: Dispatcher entered state INITED
2018-03-06 22:59:53 DEBUG [main] service.AbstractService[AbstractService.java:99] - Service Dispatcher is inited
2018-03-06 22:59:53 DEBUG [main] service.AbstractService[AbstractService.java:134] - Service Dispatcher is started
2018-03-06 22:59:53 DEBUG [main] service.AbstractService[CompositeService.java:49] - Adding service containers-launcher
2018-03-06 22:59:53 DEBUG [main] service.AbstractService[CompositeService.java:49] - Adding service Dispatcher
2018-03-06 22:59:53 DEBUG [main] service.AbstractService[CompositeService.java:49] - Adding service nodeManager.resourceLocalizationService.ResourceLocalizationService
2018-03-06 22:59:53 DEBUG [main] service.AbstractService[AbstractService.java:197] - Service: nodeManager.containerManagerImpl.ContainerManagerImpl entered state INITED
2018-03-06 22:59:53 DEBUG [main] service.AbstractService[CompositeService.java:80] - nodeManager.containerManagerImpl.ContainerManagerImpl: initing services, size=3
2018-03-06 22:59:53 DEBUG [main] service.AbstractService[AbstractService.java:197] - Service: containers-launcher entered state INITED
2018-03-06 22:59:53 DEBUG [main] service.AbstractService[AbstractService.java:99] - Service containers-launcher is inited
2018-03-06 22:59:53 DEBUG [main] service.AbstractService[AbstractService.java:197] - Service: Dispatcher entered state INITED
2018-03-06 22:59:53 DEBUG [main] service.AbstractService[AbstractService.java:99] - Service Dispatcher is inited
2018-03-06 22:59:53 DEBUG [main] service.AbstractService[AbstractService.java:197] - Service: nodeManager.resourceLocalizationService.ResourceLocalizationService entered state INITED
2018-03-06 22:59:53 DEBUG [main] service.AbstractService[AbstractService.java:197] - Service:  entered state INITED
2018-03-06 22:59:53 DEBUG [main] service.AbstractService[AbstractService.java:99] - Service  is inited
2018-03-06 22:59:53 DEBUG [main] service.AbstractService[AbstractService.java:99] - Service nodeManager.resourceLocalizationService.ResourceLocalizationService is inited
2018-03-06 22:59:53 DEBUG [main] service.AbstractService[AbstractService.java:99] - Service nodeManager.containerManagerImpl.ContainerManagerImpl is inited
2018-03-06 22:59:53 DEBUG [main] service.AbstractService[CompositeService.java:91] - nodeManager.containerManagerImpl.ContainerManagerImpl: starting services, size=3
2018-03-06 22:59:53 DEBUG [main] service.AbstractService[AbstractService.java:134] - Service containers-launcher is started
2018-03-06 22:59:53 DEBUG [main] service.AbstractService[AbstractService.java:134] - Service Dispatcher is started
2018-03-06 22:59:53 DEBUG [main] service.AbstractService[AbstractService.java:134] - Service  is started
2018-03-06 22:59:53 DEBUG [main] service.AbstractService[AbstractService.java:134] - Service nodeManager.resourceLocalizationService.ResourceLocalizationService is started
2018-03-06 22:59:53 DEBUG [main] service.AbstractService[AbstractService.java:134] - Service nodeManager.containerManagerImpl.ContainerManagerImpl is started
2018-03-06 23:06:01 DEBUG [main] service.AbstractService[AbstractService.java:197] - Service: Dispatcher entered state INITED
2018-03-06 23:06:01 DEBUG [main] service.AbstractService[AbstractService.java:99] - Service Dispatcher is inited
2018-03-06 23:06:01 DEBUG [main] service.AbstractService[AbstractService.java:134] - Service Dispatcher is started
2018-03-06 23:06:01 DEBUG [main] service.AbstractService[CompositeService.java:49] - Adding service containers-launcher
2018-03-06 23:06:01 DEBUG [main] service.AbstractService[CompositeService.java:49] - Adding service Dispatcher
2018-03-06 23:06:01 DEBUG [main] service.AbstractService[CompositeService.java:49] - Adding service nodeManager.resourceLocalizationService.ResourceLocalizationService
2018-03-06 23:06:01 DEBUG [main] service.AbstractService[AbstractService.java:197] - Service: nodeManager.containerManagerImpl.ContainerManagerImpl entered state INITED
2018-03-06 23:06:01 DEBUG [main] service.AbstractService[CompositeService.java:80] - nodeManager.containerManagerImpl.ContainerManagerImpl: initing services, size=3
2018-03-06 23:06:01 DEBUG [main] service.AbstractService[AbstractService.java:197] - Service: containers-launcher entered state INITED
2018-03-06 23:06:01 DEBUG [main] service.AbstractService[AbstractService.java:99] - Service containers-launcher is inited
2018-03-06 23:06:01 DEBUG [main] service.AbstractService[AbstractService.java:197] - Service: Dispatcher entered state INITED
2018-03-06 23:06:01 DEBUG [main] service.AbstractService[AbstractService.java:99] - Service Dispatcher is inited
2018-03-06 23:06:01 DEBUG [main] service.AbstractService[AbstractService.java:197] - Service: nodeManager.resourceLocalizationService.ResourceLocalizationService entered state INITED
2018-03-06 23:06:01 DEBUG [main] service.AbstractService[AbstractService.java:197] - Service:  entered state INITED
2018-03-06 23:06:01 DEBUG [main] service.AbstractService[AbstractService.java:99] - Service  is inited
2018-03-06 23:06:01 DEBUG [main] service.AbstractService[AbstractService.java:99] - Service nodeManager.resourceLocalizationService.ResourceLocalizationService is inited
2018-03-06 23:06:01 DEBUG [main] service.AbstractService[AbstractService.java:99] - Service nodeManager.containerManagerImpl.ContainerManagerImpl is inited
2018-03-06 23:06:01 DEBUG [main] service.AbstractService[AbstractService.java:226] - noteFailure 
java.net.BindException: Address already in use
	at sun.nio.ch.Net.bind0(Native Method)
	at sun.nio.ch.Net.bind(Net.java:444)
	at sun.nio.ch.Net.bind(Net.java:436)
	at sun.nio.ch.ServerSocketChannelImpl.bind(ServerSocketChannelImpl.java:214)
	at sun.nio.ch.ServerSocketAdaptor.bind(ServerSocketAdaptor.java:74)
	at sun.nio.ch.ServerSocketAdaptor.bind(ServerSocketAdaptor.java:67)
	at rpc.core.Server$Listener.<init>(Server.java:157)
	at rpc.core.Server.start(Server.java:84)
	at nodeManager.containerManagerImpl.ContainerManagerImpl.serviceStart(ContainerManagerImpl.java:110)
	at service.AbstractService.start(AbstractService.java:125)
	at nodeManager.containerManagerImpl.test.Mian.main(Mian.java:29)
2018-03-06 23:06:01 INFO [main] service.AbstractService[AbstractService.java:237] - Service nodeManager.containerManagerImpl.ContainerManagerImpl failed in state STARTED; cause: java.net.BindException: Address already in use
java.net.BindException: Address already in use
	at sun.nio.ch.Net.bind0(Native Method)
	at sun.nio.ch.Net.bind(Net.java:444)
	at sun.nio.ch.Net.bind(Net.java:436)
	at sun.nio.ch.ServerSocketChannelImpl.bind(ServerSocketChannelImpl.java:214)
	at sun.nio.ch.ServerSocketAdaptor.bind(ServerSocketAdaptor.java:74)
	at sun.nio.ch.ServerSocketAdaptor.bind(ServerSocketAdaptor.java:67)
	at rpc.core.Server$Listener.<init>(Server.java:157)
	at rpc.core.Server.start(Server.java:84)
	at nodeManager.containerManagerImpl.ContainerManagerImpl.serviceStart(ContainerManagerImpl.java:110)
	at service.AbstractService.start(AbstractService.java:125)
	at nodeManager.containerManagerImpl.test.Mian.main(Mian.java:29)
2018-03-06 23:06:01 DEBUG [main] service.AbstractService[AbstractService.java:197] - Service: nodeManager.containerManagerImpl.ContainerManagerImpl entered state STOPPED
2018-03-06 23:06:01 DEBUG [main] service.AbstractService[AbstractService.java:226] - noteFailure 
java.lang.NullPointerException: null
	at rpc.core.Server.stop(Server.java:663)
	at nodeManager.containerManagerImpl.ContainerManagerImpl.serviceStop(ContainerManagerImpl.java:117)
	at service.AbstractService.stop(AbstractService.java:154)
	at service.AbstractService.stop(AbstractService.java:335)
	at service.AbstractService.stopQuietly(AbstractService.java:314)
	at service.AbstractService.start(AbstractService.java:128)
	at nodeManager.containerManagerImpl.test.Mian.main(Mian.java:29)
2018-03-06 23:06:01 DEBUG [main] service.AbstractService[AbstractService.java:170] - Service nodeManager.containerManagerImpl.ContainerManagerImpl is stoped
2018-03-06 23:06:01 WARN [main] service.AbstractService[AbstractService.java:316] - When stopping the service nodeManager.containerManagerImpl.ContainerManagerImpl : java.lang.NullPointerException
java.lang.NullPointerException: null
	at rpc.core.Server.stop(Server.java:663)
	at nodeManager.containerManagerImpl.ContainerManagerImpl.serviceStop(ContainerManagerImpl.java:117)
	at service.AbstractService.stop(AbstractService.java:154)
	at service.AbstractService.stop(AbstractService.java:335)
	at service.AbstractService.stopQuietly(AbstractService.java:314)
	at service.AbstractService.start(AbstractService.java:128)
	at nodeManager.containerManagerImpl.test.Mian.main(Mian.java:29)
2018-03-06 23:06:08 DEBUG [main] service.AbstractService[AbstractService.java:197] - Service: Dispatcher entered state INITED
2018-03-06 23:06:08 DEBUG [main] service.AbstractService[AbstractService.java:99] - Service Dispatcher is inited
2018-03-06 23:06:08 DEBUG [main] service.AbstractService[AbstractService.java:134] - Service Dispatcher is started
2018-03-06 23:06:08 DEBUG [main] service.AbstractService[CompositeService.java:49] - Adding service containers-launcher
2018-03-06 23:06:08 DEBUG [main] service.AbstractService[CompositeService.java:49] - Adding service Dispatcher
2018-03-06 23:06:08 DEBUG [main] service.AbstractService[CompositeService.java:49] - Adding service nodeManager.resourceLocalizationService.ResourceLocalizationService
2018-03-06 23:06:08 DEBUG [main] service.AbstractService[AbstractService.java:197] - Service: nodeManager.containerManagerImpl.ContainerManagerImpl entered state INITED
2018-03-06 23:06:08 DEBUG [main] service.AbstractService[CompositeService.java:80] - nodeManager.containerManagerImpl.ContainerManagerImpl: initing services, size=3
2018-03-06 23:06:08 DEBUG [main] service.AbstractService[AbstractService.java:197] - Service: containers-launcher entered state INITED
2018-03-06 23:06:08 DEBUG [main] service.AbstractService[AbstractService.java:99] - Service containers-launcher is inited
2018-03-06 23:06:08 DEBUG [main] service.AbstractService[AbstractService.java:197] - Service: Dispatcher entered state INITED
2018-03-06 23:06:08 DEBUG [main] service.AbstractService[AbstractService.java:99] - Service Dispatcher is inited
2018-03-06 23:06:08 DEBUG [main] service.AbstractService[AbstractService.java:197] - Service: nodeManager.resourceLocalizationService.ResourceLocalizationService entered state INITED
2018-03-06 23:06:08 DEBUG [main] service.AbstractService[AbstractService.java:197] - Service:  entered state INITED
2018-03-06 23:06:08 DEBUG [main] service.AbstractService[AbstractService.java:99] - Service  is inited
2018-03-06 23:06:08 DEBUG [main] service.AbstractService[AbstractService.java:99] - Service nodeManager.resourceLocalizationService.ResourceLocalizationService is inited
2018-03-06 23:06:08 DEBUG [main] service.AbstractService[AbstractService.java:99] - Service nodeManager.containerManagerImpl.ContainerManagerImpl is inited
2018-03-06 23:06:08 DEBUG [main] service.AbstractService[CompositeService.java:91] - nodeManager.containerManagerImpl.ContainerManagerImpl: starting services, size=3
2018-03-06 23:06:08 DEBUG [main] service.AbstractService[AbstractService.java:134] - Service containers-launcher is started
2018-03-06 23:06:08 DEBUG [main] service.AbstractService[AbstractService.java:134] - Service Dispatcher is started
2018-03-06 23:06:08 DEBUG [main] service.AbstractService[AbstractService.java:134] - Service  is started
2018-03-06 23:06:08 DEBUG [main] service.AbstractService[AbstractService.java:134] - Service nodeManager.resourceLocalizationService.ResourceLocalizationService is started
2018-03-06 23:06:08 DEBUG [main] service.AbstractService[AbstractService.java:134] - Service nodeManager.containerManagerImpl.ContainerManagerImpl is started
2018-03-06 23:06:26 DEBUG [main] service.AbstractService[AbstractService.java:197] - Service: Dispatcher entered state INITED
2018-03-06 23:06:26 DEBUG [main] service.AbstractService[AbstractService.java:99] - Service Dispatcher is inited
2018-03-06 23:06:26 DEBUG [main] service.AbstractService[AbstractService.java:134] - Service Dispatcher is started
2018-03-06 23:06:26 DEBUG [main] service.AbstractService[CompositeService.java:49] - Adding service containers-launcher
2018-03-06 23:06:26 DEBUG [main] service.AbstractService[CompositeService.java:49] - Adding service Dispatcher
2018-03-06 23:06:26 DEBUG [main] service.AbstractService[CompositeService.java:49] - Adding service nodeManager.resourceLocalizationService.ResourceLocalizationService
2018-03-06 23:06:26 DEBUG [main] service.AbstractService[AbstractService.java:197] - Service: nodeManager.containerManagerImpl.ContainerManagerImpl entered state INITED
2018-03-06 23:06:26 DEBUG [main] service.AbstractService[CompositeService.java:80] - nodeManager.containerManagerImpl.ContainerManagerImpl: initing services, size=3
2018-03-06 23:06:26 DEBUG [main] service.AbstractService[AbstractService.java:197] - Service: containers-launcher entered state INITED
2018-03-06 23:06:26 DEBUG [main] service.AbstractService[AbstractService.java:99] - Service containers-launcher is inited
2018-03-06 23:06:26 DEBUG [main] service.AbstractService[AbstractService.java:197] - Service: Dispatcher entered state INITED
2018-03-06 23:06:26 DEBUG [main] service.AbstractService[AbstractService.java:99] - Service Dispatcher is inited
2018-03-06 23:06:26 DEBUG [main] service.AbstractService[AbstractService.java:197] - Service: nodeManager.resourceLocalizationService.ResourceLocalizationService entered state INITED
2018-03-06 23:06:26 DEBUG [main] service.AbstractService[AbstractService.java:197] - Service:  entered state INITED
2018-03-06 23:06:26 DEBUG [main] service.AbstractService[AbstractService.java:99] - Service  is inited
2018-03-06 23:06:26 DEBUG [main] service.AbstractService[AbstractService.java:99] - Service nodeManager.resourceLocalizationService.ResourceLocalizationService is inited
2018-03-06 23:06:26 DEBUG [main] service.AbstractService[AbstractService.java:99] - Service nodeManager.containerManagerImpl.ContainerManagerImpl is inited
2018-03-06 23:06:26 DEBUG [main] service.AbstractService[CompositeService.java:91] - nodeManager.containerManagerImpl.ContainerManagerImpl: starting services, size=3
2018-03-06 23:06:26 DEBUG [main] service.AbstractService[AbstractService.java:134] - Service containers-launcher is started
2018-03-06 23:06:26 DEBUG [main] service.AbstractService[AbstractService.java:134] - Service Dispatcher is started
2018-03-06 23:06:26 DEBUG [main] service.AbstractService[AbstractService.java:134] - Service  is started
2018-03-06 23:06:26 DEBUG [main] service.AbstractService[AbstractService.java:134] - Service nodeManager.resourceLocalizationService.ResourceLocalizationService is started
2018-03-06 23:06:26 DEBUG [main] service.AbstractService[AbstractService.java:134] - Service nodeManager.containerManagerImpl.ContainerManagerImpl is started
2018-03-07 14:55:06 DEBUG [main] service.AbstractService[AbstractService.java:197] - Service: Dispatcher entered state INITED
2018-03-07 14:55:06 DEBUG [main] service.AbstractService[AbstractService.java:99] - Service Dispatcher is inited
2018-03-07 14:55:06 DEBUG [main] service.AbstractService[AbstractService.java:134] - Service Dispatcher is started
2018-03-07 14:55:06 DEBUG [main] service.AbstractService[CompositeService.java:49] - Adding service containers-launcher
2018-03-07 14:55:06 DEBUG [main] service.AbstractService[CompositeService.java:49] - Adding service Dispatcher
2018-03-07 14:55:06 DEBUG [main] service.AbstractService[CompositeService.java:49] - Adding service nodeManager.resourceLocalizationService.ResourceLocalizationService
2018-03-07 14:55:06 DEBUG [main] service.AbstractService[AbstractService.java:197] - Service: nodeManager.containerManagerImpl.ContainerManagerImpl entered state INITED
2018-03-07 14:55:06 DEBUG [main] service.AbstractService[CompositeService.java:80] - nodeManager.containerManagerImpl.ContainerManagerImpl: initing services, size=3
2018-03-07 14:55:06 DEBUG [main] service.AbstractService[AbstractService.java:197] - Service: containers-launcher entered state INITED
2018-03-07 14:55:06 DEBUG [main] service.AbstractService[AbstractService.java:99] - Service containers-launcher is inited
2018-03-07 14:55:06 DEBUG [main] service.AbstractService[AbstractService.java:197] - Service: Dispatcher entered state INITED
2018-03-07 14:55:06 DEBUG [main] service.AbstractService[AbstractService.java:99] - Service Dispatcher is inited
2018-03-07 14:55:06 DEBUG [main] service.AbstractService[AbstractService.java:197] - Service: nodeManager.resourceLocalizationService.ResourceLocalizationService entered state INITED
2018-03-07 14:55:06 DEBUG [main] service.AbstractService[AbstractService.java:197] - Service:  entered state INITED
2018-03-07 14:55:06 DEBUG [main] service.AbstractService[AbstractService.java:99] - Service  is inited
2018-03-07 14:55:06 DEBUG [main] service.AbstractService[AbstractService.java:99] - Service nodeManager.resourceLocalizationService.ResourceLocalizationService is inited
2018-03-07 14:55:06 DEBUG [main] service.AbstractService[AbstractService.java:99] - Service nodeManager.containerManagerImpl.ContainerManagerImpl is inited
2018-03-07 14:55:06 DEBUG [main] service.AbstractService[CompositeService.java:91] - nodeManager.containerManagerImpl.ContainerManagerImpl: starting services, size=3
2018-03-07 14:55:06 DEBUG [main] service.AbstractService[AbstractService.java:134] - Service containers-launcher is started
2018-03-07 14:55:06 DEBUG [main] service.AbstractService[AbstractService.java:134] - Service Dispatcher is started
2018-03-07 14:55:06 DEBUG [main] service.AbstractService[AbstractService.java:134] - Service  is started
2018-03-07 14:55:06 DEBUG [main] service.AbstractService[AbstractService.java:134] - Service nodeManager.resourceLocalizationService.ResourceLocalizationService is started
2018-03-07 14:55:06 DEBUG [main] service.AbstractService[AbstractService.java:134] - Service nodeManager.containerManagerImpl.ContainerManagerImpl is started
2018-03-07 15:29:23 DEBUG [main] service.AbstractService[AbstractService.java:197] - Service: Dispatcher entered state INITED
2018-03-07 15:29:23 DEBUG [main] service.AbstractService[AbstractService.java:99] - Service Dispatcher is inited
2018-03-07 15:29:23 DEBUG [main] service.AbstractService[AbstractService.java:134] - Service Dispatcher is started
2018-03-07 15:29:23 DEBUG [main] service.AbstractService[CompositeService.java:49] - Adding service containers-launcher
2018-03-07 15:29:23 DEBUG [main] service.AbstractService[CompositeService.java:49] - Adding service Dispatcher
2018-03-07 15:29:23 DEBUG [main] service.AbstractService[CompositeService.java:49] - Adding service nodeManager.resourceLocalizationService.ResourceLocalizationService
2018-03-07 15:29:23 DEBUG [main] service.AbstractService[AbstractService.java:197] - Service: nodeManager.containerManagerImpl.ContainerManagerImpl entered state INITED
2018-03-07 15:29:23 DEBUG [main] service.AbstractService[CompositeService.java:80] - nodeManager.containerManagerImpl.ContainerManagerImpl: initing services, size=3
2018-03-07 15:29:23 DEBUG [main] service.AbstractService[AbstractService.java:197] - Service: containers-launcher entered state INITED
2018-03-07 15:29:23 DEBUG [main] service.AbstractService[AbstractService.java:99] - Service containers-launcher is inited
2018-03-07 15:29:23 DEBUG [main] service.AbstractService[AbstractService.java:197] - Service: Dispatcher entered state INITED
2018-03-07 15:29:23 DEBUG [main] service.AbstractService[AbstractService.java:99] - Service Dispatcher is inited
2018-03-07 15:29:23 DEBUG [main] service.AbstractService[AbstractService.java:197] - Service: nodeManager.resourceLocalizationService.ResourceLocalizationService entered state INITED
2018-03-07 15:29:23 DEBUG [main] service.AbstractService[AbstractService.java:197] - Service:  entered state INITED
2018-03-07 15:29:23 DEBUG [main] service.AbstractService[AbstractService.java:99] - Service  is inited
2018-03-07 15:29:23 DEBUG [main] service.AbstractService[AbstractService.java:99] - Service nodeManager.resourceLocalizationService.ResourceLocalizationService is inited
2018-03-07 15:29:23 DEBUG [main] service.AbstractService[AbstractService.java:99] - Service nodeManager.containerManagerImpl.ContainerManagerImpl is inited
2018-03-07 15:29:23 DEBUG [main] service.AbstractService[CompositeService.java:91] - nodeManager.containerManagerImpl.ContainerManagerImpl: starting services, size=3
2018-03-07 15:29:23 DEBUG [main] service.AbstractService[AbstractService.java:134] - Service containers-launcher is started
2018-03-07 15:29:23 DEBUG [main] service.AbstractService[AbstractService.java:134] - Service Dispatcher is started
2018-03-07 15:29:23 DEBUG [main] service.AbstractService[AbstractService.java:134] - Service  is started
2018-03-07 15:29:23 DEBUG [main] service.AbstractService[AbstractService.java:134] - Service nodeManager.resourceLocalizationService.ResourceLocalizationService is started
2018-03-07 15:29:23 DEBUG [main] service.AbstractService[AbstractService.java:134] - Service nodeManager.containerManagerImpl.ContainerManagerImpl is started
2018-03-07 15:31:23 DEBUG [main] service.AbstractService[AbstractService.java:197] - Service: Dispatcher entered state INITED
2018-03-07 15:31:23 DEBUG [main] service.AbstractService[AbstractService.java:99] - Service Dispatcher is inited
2018-03-07 15:31:23 DEBUG [main] service.AbstractService[AbstractService.java:134] - Service Dispatcher is started
2018-03-07 15:31:23 DEBUG [main] service.AbstractService[CompositeService.java:49] - Adding service containers-launcher
2018-03-07 15:31:23 DEBUG [main] service.AbstractService[CompositeService.java:49] - Adding service Dispatcher
2018-03-07 15:31:23 DEBUG [main] service.AbstractService[CompositeService.java:49] - Adding service nodeManager.resourceLocalizationService.ResourceLocalizationService
2018-03-07 15:31:23 DEBUG [main] service.AbstractService[AbstractService.java:197] - Service: nodeManager.containerManagerImpl.ContainerManagerImpl entered state INITED
2018-03-07 15:31:23 DEBUG [main] service.AbstractService[CompositeService.java:80] - nodeManager.containerManagerImpl.ContainerManagerImpl: initing services, size=3
2018-03-07 15:31:23 DEBUG [main] service.AbstractService[AbstractService.java:197] - Service: containers-launcher entered state INITED
2018-03-07 15:31:23 DEBUG [main] service.AbstractService[AbstractService.java:99] - Service containers-launcher is inited
2018-03-07 15:31:23 DEBUG [main] service.AbstractService[AbstractService.java:197] - Service: Dispatcher entered state INITED
2018-03-07 15:31:23 DEBUG [main] service.AbstractService[AbstractService.java:99] - Service Dispatcher is inited
2018-03-07 15:31:23 DEBUG [main] service.AbstractService[AbstractService.java:197] - Service: nodeManager.resourceLocalizationService.ResourceLocalizationService entered state INITED
2018-03-07 15:31:23 DEBUG [main] service.AbstractService[AbstractService.java:197] - Service:  entered state INITED
2018-03-07 15:31:23 DEBUG [main] service.AbstractService[AbstractService.java:99] - Service  is inited
2018-03-07 15:31:23 DEBUG [main] service.AbstractService[AbstractService.java:99] - Service nodeManager.resourceLocalizationService.ResourceLocalizationService is inited
2018-03-07 15:31:23 DEBUG [main] service.AbstractService[AbstractService.java:99] - Service nodeManager.containerManagerImpl.ContainerManagerImpl is inited
2018-03-07 15:31:23 DEBUG [main] service.AbstractService[CompositeService.java:91] - nodeManager.containerManagerImpl.ContainerManagerImpl: starting services, size=3
2018-03-07 15:31:23 DEBUG [main] service.AbstractService[AbstractService.java:134] - Service containers-launcher is started
2018-03-07 15:31:23 DEBUG [main] service.AbstractService[AbstractService.java:134] - Service Dispatcher is started
2018-03-07 15:31:23 DEBUG [main] service.AbstractService[AbstractService.java:134] - Service  is started
2018-03-07 15:31:23 DEBUG [main] service.AbstractService[AbstractService.java:134] - Service nodeManager.resourceLocalizationService.ResourceLocalizationService is started
2018-03-07 15:31:23 DEBUG [main] service.AbstractService[AbstractService.java:134] - Service nodeManager.containerManagerImpl.ContainerManagerImpl is started
2018-03-07 15:33:47 DEBUG [main] service.AbstractService[AbstractService.java:197] - Service: Dispatcher entered state INITED
2018-03-07 15:33:47 DEBUG [main] service.AbstractService[AbstractService.java:99] - Service Dispatcher is inited
2018-03-07 15:33:47 DEBUG [main] service.AbstractService[AbstractService.java:134] - Service Dispatcher is started
2018-03-07 15:33:48 DEBUG [main] service.AbstractService[CompositeService.java:49] - Adding service containers-launcher
2018-03-07 15:33:48 DEBUG [main] service.AbstractService[CompositeService.java:49] - Adding service Dispatcher
2018-03-07 15:33:48 DEBUG [main] service.AbstractService[CompositeService.java:49] - Adding service nodeManager.resourceLocalizationService.ResourceLocalizationService
2018-03-07 15:33:48 DEBUG [main] service.AbstractService[AbstractService.java:197] - Service: nodeManager.containerManagerImpl.ContainerManagerImpl entered state INITED
2018-03-07 15:33:48 DEBUG [main] service.AbstractService[CompositeService.java:80] - nodeManager.containerManagerImpl.ContainerManagerImpl: initing services, size=3
2018-03-07 15:33:48 DEBUG [main] service.AbstractService[AbstractService.java:197] - Service: containers-launcher entered state INITED
2018-03-07 15:33:48 DEBUG [main] service.AbstractService[AbstractService.java:99] - Service containers-launcher is inited
2018-03-07 15:33:48 DEBUG [main] service.AbstractService[AbstractService.java:197] - Service: Dispatcher entered state INITED
2018-03-07 15:33:48 DEBUG [main] service.AbstractService[AbstractService.java:99] - Service Dispatcher is inited
2018-03-07 15:33:48 DEBUG [main] service.AbstractService[AbstractService.java:197] - Service: nodeManager.resourceLocalizationService.ResourceLocalizationService entered state INITED
2018-03-07 15:33:48 DEBUG [main] service.AbstractService[AbstractService.java:197] - Service:  entered state INITED
2018-03-07 15:33:48 DEBUG [main] service.AbstractService[AbstractService.java:99] - Service  is inited
2018-03-07 15:33:48 DEBUG [main] service.AbstractService[AbstractService.java:99] - Service nodeManager.resourceLocalizationService.ResourceLocalizationService is inited
2018-03-07 15:33:48 DEBUG [main] service.AbstractService[AbstractService.java:99] - Service nodeManager.containerManagerImpl.ContainerManagerImpl is inited
2018-03-07 15:33:48 DEBUG [main] service.AbstractService[CompositeService.java:91] - nodeManager.containerManagerImpl.ContainerManagerImpl: starting services, size=3
2018-03-07 15:33:48 DEBUG [main] service.AbstractService[AbstractService.java:134] - Service containers-launcher is started
2018-03-07 15:33:48 DEBUG [main] service.AbstractService[AbstractService.java:134] - Service Dispatcher is started
2018-03-07 15:33:48 DEBUG [main] service.AbstractService[AbstractService.java:134] - Service  is started
2018-03-07 15:33:48 DEBUG [main] service.AbstractService[AbstractService.java:134] - Service nodeManager.resourceLocalizationService.ResourceLocalizationService is started
2018-03-07 15:33:48 DEBUG [main] service.AbstractService[AbstractService.java:134] - Service nodeManager.containerManagerImpl.ContainerManagerImpl is started
2018-03-07 15:34:34 DEBUG [main] service.AbstractService[AbstractService.java:197] - Service: Dispatcher entered state INITED
2018-03-07 15:34:34 DEBUG [main] service.AbstractService[AbstractService.java:99] - Service Dispatcher is inited
2018-03-07 15:34:34 DEBUG [main] service.AbstractService[AbstractService.java:134] - Service Dispatcher is started
2018-03-07 15:34:34 DEBUG [main] service.AbstractService[CompositeService.java:49] - Adding service containers-launcher
2018-03-07 15:34:34 DEBUG [main] service.AbstractService[CompositeService.java:49] - Adding service Dispatcher
2018-03-07 15:34:34 DEBUG [main] service.AbstractService[CompositeService.java:49] - Adding service nodeManager.resourceLocalizationService.ResourceLocalizationService
2018-03-07 15:34:34 DEBUG [main] service.AbstractService[AbstractService.java:197] - Service: nodeManager.containerManagerImpl.ContainerManagerImpl entered state INITED
2018-03-07 15:34:34 DEBUG [main] service.AbstractService[CompositeService.java:80] - nodeManager.containerManagerImpl.ContainerManagerImpl: initing services, size=3
2018-03-07 15:34:34 DEBUG [main] service.AbstractService[AbstractService.java:197] - Service: containers-launcher entered state INITED
2018-03-07 15:34:34 DEBUG [main] service.AbstractService[AbstractService.java:99] - Service containers-launcher is inited
2018-03-07 15:34:34 DEBUG [main] service.AbstractService[AbstractService.java:197] - Service: Dispatcher entered state INITED
2018-03-07 15:34:34 DEBUG [main] service.AbstractService[AbstractService.java:99] - Service Dispatcher is inited
2018-03-07 15:34:34 DEBUG [main] service.AbstractService[AbstractService.java:197] - Service: nodeManager.resourceLocalizationService.ResourceLocalizationService entered state INITED
2018-03-07 15:34:34 DEBUG [main] service.AbstractService[AbstractService.java:197] - Service:  entered state INITED
2018-03-07 15:34:34 DEBUG [main] service.AbstractService[AbstractService.java:99] - Service  is inited
2018-03-07 15:34:34 DEBUG [main] service.AbstractService[AbstractService.java:99] - Service nodeManager.resourceLocalizationService.ResourceLocalizationService is inited
2018-03-07 15:34:34 DEBUG [main] service.AbstractService[AbstractService.java:99] - Service nodeManager.containerManagerImpl.ContainerManagerImpl is inited
2018-03-07 15:34:34 DEBUG [main] service.AbstractService[CompositeService.java:91] - nodeManager.containerManagerImpl.ContainerManagerImpl: starting services, size=3
2018-03-07 15:34:34 DEBUG [main] service.AbstractService[AbstractService.java:134] - Service containers-launcher is started
2018-03-07 15:34:34 DEBUG [main] service.AbstractService[AbstractService.java:134] - Service Dispatcher is started
2018-03-07 15:34:34 DEBUG [main] service.AbstractService[AbstractService.java:134] - Service  is started
2018-03-07 15:34:34 DEBUG [main] service.AbstractService[AbstractService.java:134] - Service nodeManager.resourceLocalizationService.ResourceLocalizationService is started
2018-03-07 15:34:34 DEBUG [main] service.AbstractService[AbstractService.java:134] - Service nodeManager.containerManagerImpl.ContainerManagerImpl is started
2018-03-07 15:47:42 DEBUG [main] service.AbstractService[AbstractService.java:197] - Service: Dispatcher entered state INITED
2018-03-07 15:47:42 DEBUG [main] service.AbstractService[AbstractService.java:99] - Service Dispatcher is inited
2018-03-07 15:47:42 DEBUG [main] service.AbstractService[AbstractService.java:134] - Service Dispatcher is started
2018-03-07 15:47:42 DEBUG [main] service.AbstractService[CompositeService.java:49] - Adding service containers-launcher
2018-03-07 15:47:42 DEBUG [main] service.AbstractService[CompositeService.java:49] - Adding service Dispatcher
2018-03-07 15:47:42 DEBUG [main] service.AbstractService[CompositeService.java:49] - Adding service nodeManager.resourceLocalizationService.ResourceLocalizationService
2018-03-07 15:47:42 DEBUG [main] service.AbstractService[AbstractService.java:197] - Service: nodeManager.containerManagerImpl.ContainerManagerImpl entered state INITED
2018-03-07 15:47:42 DEBUG [main] service.AbstractService[CompositeService.java:80] - nodeManager.containerManagerImpl.ContainerManagerImpl: initing services, size=3
2018-03-07 15:47:42 DEBUG [main] service.AbstractService[AbstractService.java:197] - Service: containers-launcher entered state INITED
2018-03-07 15:47:42 DEBUG [main] service.AbstractService[AbstractService.java:99] - Service containers-launcher is inited
2018-03-07 15:47:42 DEBUG [main] service.AbstractService[AbstractService.java:197] - Service: Dispatcher entered state INITED
2018-03-07 15:47:42 DEBUG [main] service.AbstractService[AbstractService.java:99] - Service Dispatcher is inited
2018-03-07 15:47:42 DEBUG [main] service.AbstractService[AbstractService.java:197] - Service: nodeManager.resourceLocalizationService.ResourceLocalizationService entered state INITED
2018-03-07 15:47:42 DEBUG [main] service.AbstractService[AbstractService.java:197] - Service:  entered state INITED
2018-03-07 15:47:42 DEBUG [main] service.AbstractService[AbstractService.java:99] - Service  is inited
2018-03-07 15:47:42 DEBUG [main] service.AbstractService[AbstractService.java:99] - Service nodeManager.resourceLocalizationService.ResourceLocalizationService is inited
2018-03-07 15:47:42 DEBUG [main] service.AbstractService[AbstractService.java:99] - Service nodeManager.containerManagerImpl.ContainerManagerImpl is inited
2018-03-07 15:47:42 DEBUG [main] service.AbstractService[CompositeService.java:91] - nodeManager.containerManagerImpl.ContainerManagerImpl: starting services, size=3
2018-03-07 15:47:42 DEBUG [main] service.AbstractService[AbstractService.java:134] - Service containers-launcher is started
2018-03-07 15:47:42 DEBUG [main] service.AbstractService[AbstractService.java:134] - Service Dispatcher is started
2018-03-07 15:47:42 DEBUG [main] service.AbstractService[AbstractService.java:134] - Service  is started
2018-03-07 15:47:42 DEBUG [main] service.AbstractService[AbstractService.java:134] - Service nodeManager.resourceLocalizationService.ResourceLocalizationService is started
2018-03-07 15:47:42 DEBUG [main] service.AbstractService[AbstractService.java:134] - Service nodeManager.containerManagerImpl.ContainerManagerImpl is started
2018-03-07 15:54:58 DEBUG [main] service.AbstractService[AbstractService.java:197] - Service: Dispatcher entered state INITED
2018-03-07 15:54:58 DEBUG [main] service.AbstractService[AbstractService.java:99] - Service Dispatcher is inited
2018-03-07 15:54:58 DEBUG [main] service.AbstractService[AbstractService.java:134] - Service Dispatcher is started
2018-03-07 15:54:58 DEBUG [main] service.AbstractService[CompositeService.java:49] - Adding service containers-launcher
2018-03-07 15:54:58 DEBUG [main] service.AbstractService[CompositeService.java:49] - Adding service Dispatcher
2018-03-07 15:54:58 DEBUG [main] service.AbstractService[CompositeService.java:49] - Adding service nodeManager.resourceLocalizationService.ResourceLocalizationService
2018-03-07 15:54:58 DEBUG [main] service.AbstractService[AbstractService.java:197] - Service: nodeManager.containerManagerImpl.ContainerManagerImpl entered state INITED
2018-03-07 15:54:58 DEBUG [main] service.AbstractService[CompositeService.java:80] - nodeManager.containerManagerImpl.ContainerManagerImpl: initing services, size=3
2018-03-07 15:54:58 DEBUG [main] service.AbstractService[AbstractService.java:197] - Service: containers-launcher entered state INITED
2018-03-07 15:54:58 DEBUG [main] service.AbstractService[AbstractService.java:99] - Service containers-launcher is inited
2018-03-07 15:54:58 DEBUG [main] service.AbstractService[AbstractService.java:197] - Service: Dispatcher entered state INITED
2018-03-07 15:54:58 DEBUG [main] service.AbstractService[AbstractService.java:99] - Service Dispatcher is inited
2018-03-07 15:54:58 DEBUG [main] service.AbstractService[AbstractService.java:197] - Service: nodeManager.resourceLocalizationService.ResourceLocalizationService entered state INITED
2018-03-07 15:54:58 DEBUG [main] service.AbstractService[AbstractService.java:197] - Service:  entered state INITED
2018-03-07 15:54:58 DEBUG [main] service.AbstractService[AbstractService.java:99] - Service  is inited
2018-03-07 15:54:58 DEBUG [main] service.AbstractService[AbstractService.java:99] - Service nodeManager.resourceLocalizationService.ResourceLocalizationService is inited
2018-03-07 15:54:58 DEBUG [main] service.AbstractService[AbstractService.java:99] - Service nodeManager.containerManagerImpl.ContainerManagerImpl is inited
2018-03-07 15:54:58 DEBUG [main] service.AbstractService[CompositeService.java:91] - nodeManager.containerManagerImpl.ContainerManagerImpl: starting services, size=3
2018-03-07 15:54:58 DEBUG [main] service.AbstractService[AbstractService.java:134] - Service containers-launcher is started
2018-03-07 15:54:58 DEBUG [main] service.AbstractService[AbstractService.java:134] - Service Dispatcher is started
2018-03-07 15:54:58 DEBUG [main] service.AbstractService[AbstractService.java:134] - Service  is started
2018-03-07 15:54:58 DEBUG [main] service.AbstractService[AbstractService.java:134] - Service nodeManager.resourceLocalizationService.ResourceLocalizationService is started
2018-03-07 15:54:58 DEBUG [main] service.AbstractService[AbstractService.java:134] - Service nodeManager.containerManagerImpl.ContainerManagerImpl is started
2018-03-07 16:00:57 DEBUG [main] service.AbstractService[AbstractService.java:197] - Service: Dispatcher entered state INITED
2018-03-07 16:00:57 DEBUG [main] service.AbstractService[AbstractService.java:99] - Service Dispatcher is inited
2018-03-07 16:00:57 DEBUG [main] service.AbstractService[AbstractService.java:134] - Service Dispatcher is started
2018-03-07 16:00:57 DEBUG [main] service.AbstractService[CompositeService.java:49] - Adding service containers-launcher
2018-03-07 16:00:57 DEBUG [main] service.AbstractService[CompositeService.java:49] - Adding service Dispatcher
2018-03-07 16:00:57 DEBUG [main] service.AbstractService[CompositeService.java:49] - Adding service nodeManager.resourceLocalizationService.ResourceLocalizationService
2018-03-07 16:00:57 DEBUG [main] service.AbstractService[AbstractService.java:197] - Service: nodeManager.containerManagerImpl.ContainerManagerImpl entered state INITED
2018-03-07 16:00:57 DEBUG [main] service.AbstractService[CompositeService.java:80] - nodeManager.containerManagerImpl.ContainerManagerImpl: initing services, size=3
2018-03-07 16:00:57 DEBUG [main] service.AbstractService[AbstractService.java:197] - Service: containers-launcher entered state INITED
2018-03-07 16:00:57 DEBUG [main] service.AbstractService[AbstractService.java:99] - Service containers-launcher is inited
2018-03-07 16:00:57 DEBUG [main] service.AbstractService[AbstractService.java:197] - Service: Dispatcher entered state INITED
2018-03-07 16:00:57 DEBUG [main] service.AbstractService[AbstractService.java:99] - Service Dispatcher is inited
2018-03-07 16:00:57 DEBUG [main] service.AbstractService[AbstractService.java:197] - Service: nodeManager.resourceLocalizationService.ResourceLocalizationService entered state INITED
2018-03-07 16:00:57 DEBUG [main] service.AbstractService[AbstractService.java:197] - Service:  entered state INITED
2018-03-07 16:00:57 DEBUG [main] service.AbstractService[AbstractService.java:99] - Service  is inited
2018-03-07 16:00:57 DEBUG [main] service.AbstractService[AbstractService.java:99] - Service nodeManager.resourceLocalizationService.ResourceLocalizationService is inited
2018-03-07 16:00:57 DEBUG [main] service.AbstractService[AbstractService.java:99] - Service nodeManager.containerManagerImpl.ContainerManagerImpl is inited
2018-03-07 16:00:57 DEBUG [main] service.AbstractService[CompositeService.java:91] - nodeManager.containerManagerImpl.ContainerManagerImpl: starting services, size=3
2018-03-07 16:00:57 DEBUG [main] service.AbstractService[AbstractService.java:134] - Service containers-launcher is started
2018-03-07 16:00:57 DEBUG [main] service.AbstractService[AbstractService.java:134] - Service Dispatcher is started
2018-03-07 16:00:57 DEBUG [main] service.AbstractService[AbstractService.java:134] - Service  is started
2018-03-07 16:00:57 DEBUG [main] service.AbstractService[AbstractService.java:134] - Service nodeManager.resourceLocalizationService.ResourceLocalizationService is started
2018-03-07 16:00:57 DEBUG [main] service.AbstractService[AbstractService.java:134] - Service nodeManager.containerManagerImpl.ContainerManagerImpl is started
2018-03-07 16:07:08 DEBUG [main] service.AbstractService[AbstractService.java:197] - Service: Dispatcher entered state INITED
2018-03-07 16:07:08 DEBUG [main] service.AbstractService[AbstractService.java:99] - Service Dispatcher is inited
2018-03-07 16:07:08 DEBUG [main] service.AbstractService[AbstractService.java:134] - Service Dispatcher is started
2018-03-07 16:07:08 DEBUG [main] service.AbstractService[CompositeService.java:49] - Adding service containers-launcher
2018-03-07 16:07:08 DEBUG [main] service.AbstractService[CompositeService.java:49] - Adding service Dispatcher
2018-03-07 16:07:08 DEBUG [main] service.AbstractService[CompositeService.java:49] - Adding service nodeManager.resourceLocalizationService.ResourceLocalizationService
2018-03-07 16:07:08 DEBUG [main] service.AbstractService[AbstractService.java:197] - Service: nodeManager.containerManagerImpl.ContainerManagerImpl entered state INITED
2018-03-07 16:07:08 DEBUG [main] service.AbstractService[CompositeService.java:80] - nodeManager.containerManagerImpl.ContainerManagerImpl: initing services, size=3
2018-03-07 16:07:08 DEBUG [main] service.AbstractService[AbstractService.java:197] - Service: containers-launcher entered state INITED
2018-03-07 16:07:08 DEBUG [main] service.AbstractService[AbstractService.java:99] - Service containers-launcher is inited
2018-03-07 16:07:08 DEBUG [main] service.AbstractService[AbstractService.java:197] - Service: Dispatcher entered state INITED
2018-03-07 16:07:08 DEBUG [main] service.AbstractService[AbstractService.java:99] - Service Dispatcher is inited
2018-03-07 16:07:08 DEBUG [main] service.AbstractService[AbstractService.java:197] - Service: nodeManager.resourceLocalizationService.ResourceLocalizationService entered state INITED
2018-03-07 16:07:08 DEBUG [main] service.AbstractService[AbstractService.java:197] - Service:  entered state INITED
2018-03-07 16:07:08 DEBUG [main] service.AbstractService[AbstractService.java:99] - Service  is inited
2018-03-07 16:07:08 DEBUG [main] service.AbstractService[AbstractService.java:99] - Service nodeManager.resourceLocalizationService.ResourceLocalizationService is inited
2018-03-07 16:07:08 DEBUG [main] service.AbstractService[AbstractService.java:99] - Service nodeManager.containerManagerImpl.ContainerManagerImpl is inited
2018-03-07 16:07:08 DEBUG [main] service.AbstractService[CompositeService.java:91] - nodeManager.containerManagerImpl.ContainerManagerImpl: starting services, size=3
2018-03-07 16:07:08 DEBUG [main] service.AbstractService[AbstractService.java:134] - Service containers-launcher is started
2018-03-07 16:07:08 DEBUG [main] service.AbstractService[AbstractService.java:134] - Service Dispatcher is started
2018-03-07 16:07:08 DEBUG [main] service.AbstractService[AbstractService.java:134] - Service  is started
2018-03-07 16:07:08 DEBUG [main] service.AbstractService[AbstractService.java:134] - Service nodeManager.resourceLocalizationService.ResourceLocalizationService is started
2018-03-07 16:07:08 DEBUG [main] service.AbstractService[AbstractService.java:134] - Service nodeManager.containerManagerImpl.ContainerManagerImpl is started
2018-03-07 16:16:05 DEBUG [main] service.AbstractService[AbstractService.java:197] - Service: Dispatcher entered state INITED
2018-03-07 16:16:05 DEBUG [main] service.AbstractService[AbstractService.java:99] - Service Dispatcher is inited
2018-03-07 16:16:05 DEBUG [main] service.AbstractService[AbstractService.java:134] - Service Dispatcher is started
2018-03-07 16:16:05 DEBUG [main] service.AbstractService[CompositeService.java:49] - Adding service containers-launcher
2018-03-07 16:16:05 DEBUG [main] service.AbstractService[CompositeService.java:49] - Adding service Dispatcher
2018-03-07 16:16:05 DEBUG [main] service.AbstractService[CompositeService.java:49] - Adding service nodeManager.resourceLocalizationService.ResourceLocalizationService
2018-03-07 16:16:05 DEBUG [main] service.AbstractService[AbstractService.java:197] - Service: nodeManager.containerManagerImpl.ContainerManagerImpl entered state INITED
2018-03-07 16:16:05 DEBUG [main] service.AbstractService[CompositeService.java:80] - nodeManager.containerManagerImpl.ContainerManagerImpl: initing services, size=3
2018-03-07 16:16:05 DEBUG [main] service.AbstractService[AbstractService.java:197] - Service: containers-launcher entered state INITED
2018-03-07 16:16:05 DEBUG [main] service.AbstractService[AbstractService.java:99] - Service containers-launcher is inited
2018-03-07 16:16:05 DEBUG [main] service.AbstractService[AbstractService.java:197] - Service: Dispatcher entered state INITED
2018-03-07 16:16:05 DEBUG [main] service.AbstractService[AbstractService.java:99] - Service Dispatcher is inited
2018-03-07 16:16:05 DEBUG [main] service.AbstractService[AbstractService.java:197] - Service: nodeManager.resourceLocalizationService.ResourceLocalizationService entered state INITED
2018-03-07 16:16:05 DEBUG [main] service.AbstractService[AbstractService.java:197] - Service:  entered state INITED
2018-03-07 16:16:05 DEBUG [main] service.AbstractService[AbstractService.java:99] - Service  is inited
2018-03-07 16:16:05 DEBUG [main] service.AbstractService[AbstractService.java:99] - Service nodeManager.resourceLocalizationService.ResourceLocalizationService is inited
2018-03-07 16:16:05 DEBUG [main] service.AbstractService[AbstractService.java:99] - Service nodeManager.containerManagerImpl.ContainerManagerImpl is inited
2018-03-07 16:16:05 DEBUG [main] service.AbstractService[CompositeService.java:91] - nodeManager.containerManagerImpl.ContainerManagerImpl: starting services, size=3
2018-03-07 16:16:05 DEBUG [main] service.AbstractService[AbstractService.java:134] - Service containers-launcher is started
2018-03-07 16:16:05 DEBUG [main] service.AbstractService[AbstractService.java:134] - Service Dispatcher is started
2018-03-07 16:16:05 DEBUG [main] service.AbstractService[AbstractService.java:134] - Service  is started
2018-03-07 16:16:05 DEBUG [main] service.AbstractService[AbstractService.java:134] - Service nodeManager.resourceLocalizationService.ResourceLocalizationService is started
2018-03-07 16:16:05 DEBUG [main] service.AbstractService[AbstractService.java:134] - Service nodeManager.containerManagerImpl.ContainerManagerImpl is started
2018-03-07 16:33:03 DEBUG [main] service.AbstractService[AbstractService.java:197] - Service: Dispatcher entered state INITED
2018-03-07 16:33:03 DEBUG [main] service.AbstractService[AbstractService.java:99] - Service Dispatcher is inited
2018-03-07 16:33:03 DEBUG [main] service.AbstractService[AbstractService.java:134] - Service Dispatcher is started
2018-03-07 16:33:04 DEBUG [main] service.AbstractService[CompositeService.java:49] - Adding service containers-launcher
2018-03-07 16:33:04 DEBUG [main] service.AbstractService[CompositeService.java:49] - Adding service Dispatcher
2018-03-07 16:33:04 DEBUG [main] service.AbstractService[CompositeService.java:49] - Adding service nodeManager.resourceLocalizationService.ResourceLocalizationService
2018-03-07 16:33:04 DEBUG [main] service.AbstractService[AbstractService.java:197] - Service: nodeManager.containerManagerImpl.ContainerManagerImpl entered state INITED
2018-03-07 16:33:04 DEBUG [main] service.AbstractService[CompositeService.java:80] - nodeManager.containerManagerImpl.ContainerManagerImpl: initing services, size=3
2018-03-07 16:33:04 DEBUG [main] service.AbstractService[AbstractService.java:197] - Service: containers-launcher entered state INITED
2018-03-07 16:33:04 DEBUG [main] service.AbstractService[AbstractService.java:99] - Service containers-launcher is inited
2018-03-07 16:33:04 DEBUG [main] service.AbstractService[AbstractService.java:197] - Service: Dispatcher entered state INITED
2018-03-07 16:33:04 DEBUG [main] service.AbstractService[AbstractService.java:99] - Service Dispatcher is inited
2018-03-07 16:33:04 DEBUG [main] service.AbstractService[AbstractService.java:197] - Service: nodeManager.resourceLocalizationService.ResourceLocalizationService entered state INITED
2018-03-07 16:33:04 DEBUG [main] service.AbstractService[AbstractService.java:197] - Service:  entered state INITED
2018-03-07 16:33:04 DEBUG [main] service.AbstractService[AbstractService.java:99] - Service  is inited
2018-03-07 16:33:04 DEBUG [main] service.AbstractService[AbstractService.java:99] - Service nodeManager.resourceLocalizationService.ResourceLocalizationService is inited
2018-03-07 16:33:04 DEBUG [main] service.AbstractService[AbstractService.java:99] - Service nodeManager.containerManagerImpl.ContainerManagerImpl is inited
2018-03-07 16:33:04 DEBUG [main] service.AbstractService[CompositeService.java:91] - nodeManager.containerManagerImpl.ContainerManagerImpl: starting services, size=3
2018-03-07 16:33:04 DEBUG [main] service.AbstractService[AbstractService.java:134] - Service containers-launcher is started
2018-03-07 16:33:04 DEBUG [main] service.AbstractService[AbstractService.java:134] - Service Dispatcher is started
2018-03-07 16:33:04 DEBUG [main] service.AbstractService[AbstractService.java:134] - Service  is started
2018-03-07 16:33:04 DEBUG [main] service.AbstractService[AbstractService.java:134] - Service nodeManager.resourceLocalizationService.ResourceLocalizationService is started
2018-03-07 16:33:04 DEBUG [main] service.AbstractService[AbstractService.java:134] - Service nodeManager.containerManagerImpl.ContainerManagerImpl is started
2018-03-07 16:35:31 DEBUG [main] service.AbstractService[AbstractService.java:197] - Service: Dispatcher entered state INITED
2018-03-07 16:35:31 DEBUG [main] service.AbstractService[AbstractService.java:99] - Service Dispatcher is inited
2018-03-07 16:35:31 DEBUG [main] service.AbstractService[AbstractService.java:134] - Service Dispatcher is started
2018-03-07 16:35:31 DEBUG [main] service.AbstractService[CompositeService.java:49] - Adding service containers-launcher
2018-03-07 16:35:31 DEBUG [main] service.AbstractService[CompositeService.java:49] - Adding service Dispatcher
2018-03-07 16:35:31 DEBUG [main] service.AbstractService[CompositeService.java:49] - Adding service nodeManager.resourceLocalizationService.ResourceLocalizationService
2018-03-07 16:35:31 DEBUG [main] service.AbstractService[AbstractService.java:197] - Service: nodeManager.containerManagerImpl.ContainerManagerImpl entered state INITED
2018-03-07 16:35:31 DEBUG [main] service.AbstractService[CompositeService.java:80] - nodeManager.containerManagerImpl.ContainerManagerImpl: initing services, size=3
2018-03-07 16:35:31 DEBUG [main] service.AbstractService[AbstractService.java:197] - Service: containers-launcher entered state INITED
2018-03-07 16:35:31 DEBUG [main] service.AbstractService[AbstractService.java:99] - Service containers-launcher is inited
2018-03-07 16:35:31 DEBUG [main] service.AbstractService[AbstractService.java:197] - Service: Dispatcher entered state INITED
2018-03-07 16:35:31 DEBUG [main] service.AbstractService[AbstractService.java:99] - Service Dispatcher is inited
2018-03-07 16:35:31 DEBUG [main] service.AbstractService[AbstractService.java:197] - Service: nodeManager.resourceLocalizationService.ResourceLocalizationService entered state INITED
2018-03-07 16:35:31 DEBUG [main] service.AbstractService[AbstractService.java:197] - Service:  entered state INITED
2018-03-07 16:35:31 DEBUG [main] service.AbstractService[AbstractService.java:99] - Service  is inited
2018-03-07 16:35:31 DEBUG [main] service.AbstractService[AbstractService.java:99] - Service nodeManager.resourceLocalizationService.ResourceLocalizationService is inited
2018-03-07 16:35:31 DEBUG [main] service.AbstractService[AbstractService.java:99] - Service nodeManager.containerManagerImpl.ContainerManagerImpl is inited
2018-03-07 16:35:31 DEBUG [main] service.AbstractService[CompositeService.java:91] - nodeManager.containerManagerImpl.ContainerManagerImpl: starting services, size=3
2018-03-07 16:35:31 DEBUG [main] service.AbstractService[AbstractService.java:134] - Service containers-launcher is started
2018-03-07 16:35:31 DEBUG [main] service.AbstractService[AbstractService.java:134] - Service Dispatcher is started
2018-03-07 16:35:31 DEBUG [main] service.AbstractService[AbstractService.java:134] - Service  is started
2018-03-07 16:35:31 DEBUG [main] service.AbstractService[AbstractService.java:134] - Service nodeManager.resourceLocalizationService.ResourceLocalizationService is started
2018-03-07 16:35:31 DEBUG [main] service.AbstractService[AbstractService.java:134] - Service nodeManager.containerManagerImpl.ContainerManagerImpl is started
2018-03-07 17:08:55 DEBUG [main] service.AbstractService[AbstractService.java:197] - Service: Dispatcher entered state INITED
2018-03-07 17:08:55 DEBUG [main] service.AbstractService[AbstractService.java:99] - Service Dispatcher is inited
2018-03-07 17:08:55 DEBUG [main] service.AbstractService[AbstractService.java:134] - Service Dispatcher is started
2018-03-07 17:08:55 DEBUG [main] service.AbstractService[AbstractService.java:197] - Service: resourceManager.applicationMasterLauncher.ApplicationMasterLauncher entered state INITED
2018-03-07 17:08:55 DEBUG [main] service.AbstractService[AbstractService.java:99] - Service resourceManager.applicationMasterLauncher.ApplicationMasterLauncher is inited
2018-03-07 17:08:55 DEBUG [main] service.AbstractService[AbstractService.java:134] - Service resourceManager.applicationMasterLauncher.ApplicationMasterLauncher is started
2018-03-07 17:08:55 DEBUG [main] service.AbstractService[AbstractService.java:197] - Service: ClientRMService entered state INITED
2018-03-07 17:08:55 DEBUG [main] service.AbstractService[AbstractService.java:99] - Service ClientRMService is inited
2018-03-07 17:08:55 DEBUG [main] service.AbstractService[AbstractService.java:134] - Service ClientRMService is started
2018-03-07 17:08:55 DEBUG [main] service.AbstractService[AbstractService.java:197] - Service: resourceManager.resourceTrackerService.ResourceTrackerService entered state INITED
2018-03-07 17:08:55 DEBUG [main] service.AbstractService[AbstractService.java:99] - Service resourceManager.resourceTrackerService.ResourceTrackerService is inited
2018-03-07 17:08:55 DEBUG [main] service.AbstractService[AbstractService.java:134] - Service resourceManager.resourceTrackerService.ResourceTrackerService is started
2018-03-07 17:09:10 DEBUG [main] service.AbstractService[AbstractService.java:197] - Service: Dispatcher entered state INITED
2018-03-07 17:09:10 DEBUG [main] service.AbstractService[AbstractService.java:99] - Service Dispatcher is inited
2018-03-07 17:09:10 DEBUG [main] service.AbstractService[AbstractService.java:134] - Service Dispatcher is started
2018-03-07 17:09:10 DEBUG [main] service.AbstractService[AbstractService.java:197] - Service: resourceManager.applicationMasterLauncher.ApplicationMasterLauncher entered state INITED
2018-03-07 17:09:10 DEBUG [main] service.AbstractService[AbstractService.java:99] - Service resourceManager.applicationMasterLauncher.ApplicationMasterLauncher is inited
2018-03-07 17:09:10 DEBUG [main] service.AbstractService[AbstractService.java:134] - Service resourceManager.applicationMasterLauncher.ApplicationMasterLauncher is started
2018-03-07 17:09:10 DEBUG [main] service.AbstractService[AbstractService.java:197] - Service: ClientRMService entered state INITED
2018-03-07 17:09:10 DEBUG [main] service.AbstractService[AbstractService.java:99] - Service ClientRMService is inited
2018-03-07 17:09:10 DEBUG [main] service.AbstractService[AbstractService.java:134] - Service ClientRMService is started
2018-03-07 17:09:10 DEBUG [main] service.AbstractService[AbstractService.java:197] - Service: resourceManager.resourceTrackerService.ResourceTrackerService entered state INITED
2018-03-07 17:09:10 DEBUG [main] service.AbstractService[AbstractService.java:99] - Service resourceManager.resourceTrackerService.ResourceTrackerService is inited
2018-03-07 17:09:10 DEBUG [main] service.AbstractService[AbstractService.java:134] - Service resourceManager.resourceTrackerService.ResourceTrackerService is started
2018-03-07 17:09:32 DEBUG [main] service.AbstractService[AbstractService.java:197] - Service: Dispatcher entered state INITED
2018-03-07 17:09:32 DEBUG [main] service.AbstractService[AbstractService.java:99] - Service Dispatcher is inited
2018-03-07 17:09:32 DEBUG [main] service.AbstractService[AbstractService.java:134] - Service Dispatcher is started
2018-03-07 17:09:32 DEBUG [main] service.AbstractService[AbstractService.java:197] - Service: nodeManager.nodeStatusUpdater.NodeStatusUpdaterImpl entered state INITED
2018-03-07 17:09:32 DEBUG [main] service.AbstractService[AbstractService.java:99] - Service nodeManager.nodeStatusUpdater.NodeStatusUpdaterImpl is inited
2018-03-07 17:09:32 DEBUG [main] service.AbstractService[AbstractService.java:134] - Service nodeManager.nodeStatusUpdater.NodeStatusUpdaterImpl is started
2018-03-07 17:09:32 DEBUG [main] service.AbstractService[CompositeService.java:49] - Adding service containers-launcher
2018-03-07 17:09:32 DEBUG [main] service.AbstractService[CompositeService.java:49] - Adding service Dispatcher
2018-03-07 17:09:32 DEBUG [main] service.AbstractService[CompositeService.java:49] - Adding service nodeManager.resourceLocalizationService.ResourceLocalizationService
2018-03-07 17:09:32 DEBUG [main] service.AbstractService[AbstractService.java:197] - Service: nodeManager.containerManagerImpl.ContainerManagerImpl entered state INITED
2018-03-07 17:09:32 DEBUG [main] service.AbstractService[CompositeService.java:80] - nodeManager.containerManagerImpl.ContainerManagerImpl: initing services, size=3
2018-03-07 17:09:32 DEBUG [main] service.AbstractService[AbstractService.java:197] - Service: containers-launcher entered state INITED
2018-03-07 17:09:32 DEBUG [main] service.AbstractService[AbstractService.java:99] - Service containers-launcher is inited
2018-03-07 17:09:32 DEBUG [main] service.AbstractService[AbstractService.java:197] - Service: Dispatcher entered state INITED
2018-03-07 17:09:32 DEBUG [main] service.AbstractService[AbstractService.java:99] - Service Dispatcher is inited
2018-03-07 17:09:32 DEBUG [main] service.AbstractService[AbstractService.java:197] - Service: nodeManager.resourceLocalizationService.ResourceLocalizationService entered state INITED
2018-03-07 17:09:32 DEBUG [main] service.AbstractService[AbstractService.java:197] - Service:  entered state INITED
2018-03-07 17:09:32 DEBUG [main] service.AbstractService[AbstractService.java:99] - Service  is inited
2018-03-07 17:09:32 DEBUG [main] service.AbstractService[AbstractService.java:99] - Service nodeManager.resourceLocalizationService.ResourceLocalizationService is inited
2018-03-07 17:09:32 DEBUG [main] service.AbstractService[AbstractService.java:99] - Service nodeManager.containerManagerImpl.ContainerManagerImpl is inited
2018-03-07 17:09:32 DEBUG [main] service.AbstractService[AbstractService.java:226] - noteFailure 
java.net.BindException: Address already in use
	at sun.nio.ch.Net.bind0(Native Method)
	at sun.nio.ch.Net.bind(Net.java:444)
	at sun.nio.ch.Net.bind(Net.java:436)
	at sun.nio.ch.ServerSocketChannelImpl.bind(ServerSocketChannelImpl.java:214)
	at sun.nio.ch.ServerSocketAdaptor.bind(ServerSocketAdaptor.java:74)
	at sun.nio.ch.ServerSocketAdaptor.bind(ServerSocketAdaptor.java:67)
	at rpc.core.Server$Listener.<init>(Server.java:157)
	at rpc.core.Server.start(Server.java:84)
	at nodeManager.containerManagerImpl.ContainerManagerImpl.serviceStart(ContainerManagerImpl.java:110)
	at service.AbstractService.start(AbstractService.java:125)
	at nodeManager.test.Mian.main(Mian.java:33)
2018-03-07 17:09:32 INFO [main] service.AbstractService[AbstractService.java:237] - Service nodeManager.containerManagerImpl.ContainerManagerImpl failed in state STARTED; cause: java.net.BindException: Address already in use
java.net.BindException: Address already in use
	at sun.nio.ch.Net.bind0(Native Method)
	at sun.nio.ch.Net.bind(Net.java:444)
	at sun.nio.ch.Net.bind(Net.java:436)
	at sun.nio.ch.ServerSocketChannelImpl.bind(ServerSocketChannelImpl.java:214)
	at sun.nio.ch.ServerSocketAdaptor.bind(ServerSocketAdaptor.java:74)
	at sun.nio.ch.ServerSocketAdaptor.bind(ServerSocketAdaptor.java:67)
	at rpc.core.Server$Listener.<init>(Server.java:157)
	at rpc.core.Server.start(Server.java:84)
	at nodeManager.containerManagerImpl.ContainerManagerImpl.serviceStart(ContainerManagerImpl.java:110)
	at service.AbstractService.start(AbstractService.java:125)
	at nodeManager.test.Mian.main(Mian.java:33)
2018-03-07 17:09:32 DEBUG [main] service.AbstractService[AbstractService.java:197] - Service: nodeManager.containerManagerImpl.ContainerManagerImpl entered state STOPPED
2018-03-07 17:09:32 DEBUG [main] service.AbstractService[AbstractService.java:226] - noteFailure 
java.lang.NullPointerException: null
	at rpc.core.Server.stop(Server.java:663)
	at nodeManager.containerManagerImpl.ContainerManagerImpl.serviceStop(ContainerManagerImpl.java:117)
	at service.AbstractService.stop(AbstractService.java:154)
	at service.AbstractService.stop(AbstractService.java:335)
	at service.AbstractService.stopQuietly(AbstractService.java:314)
	at service.AbstractService.start(AbstractService.java:128)
	at nodeManager.test.Mian.main(Mian.java:33)
2018-03-07 17:09:32 DEBUG [main] service.AbstractService[AbstractService.java:170] - Service nodeManager.containerManagerImpl.ContainerManagerImpl is stoped
2018-03-07 17:09:32 WARN [main] service.AbstractService[AbstractService.java:316] - When stopping the service nodeManager.containerManagerImpl.ContainerManagerImpl : java.lang.NullPointerException
java.lang.NullPointerException: null
	at rpc.core.Server.stop(Server.java:663)
	at nodeManager.containerManagerImpl.ContainerManagerImpl.serviceStop(ContainerManagerImpl.java:117)
	at service.AbstractService.stop(AbstractService.java:154)
	at service.AbstractService.stop(AbstractService.java:335)
	at service.AbstractService.stopQuietly(AbstractService.java:314)
	at service.AbstractService.start(AbstractService.java:128)
	at nodeManager.test.Mian.main(Mian.java:33)
2018-03-07 17:11:05 DEBUG [main] service.AbstractService[AbstractService.java:197] - Service: Dispatcher entered state INITED
2018-03-07 17:11:05 DEBUG [main] service.AbstractService[AbstractService.java:99] - Service Dispatcher is inited
2018-03-07 17:11:05 DEBUG [main] service.AbstractService[AbstractService.java:134] - Service Dispatcher is started
2018-03-07 17:11:05 DEBUG [main] service.AbstractService[AbstractService.java:197] - Service: resourceManager.applicationMasterLauncher.ApplicationMasterLauncher entered state INITED
2018-03-07 17:11:05 DEBUG [main] service.AbstractService[AbstractService.java:99] - Service resourceManager.applicationMasterLauncher.ApplicationMasterLauncher is inited
2018-03-07 17:11:05 DEBUG [main] service.AbstractService[AbstractService.java:134] - Service resourceManager.applicationMasterLauncher.ApplicationMasterLauncher is started
2018-03-07 17:11:05 DEBUG [main] service.AbstractService[AbstractService.java:197] - Service: ClientRMService entered state INITED
2018-03-07 17:11:05 DEBUG [main] service.AbstractService[AbstractService.java:99] - Service ClientRMService is inited
2018-03-07 17:11:05 DEBUG [main] service.AbstractService[AbstractService.java:134] - Service ClientRMService is started
2018-03-07 17:11:05 DEBUG [main] service.AbstractService[AbstractService.java:197] - Service: resourceManager.resourceTrackerService.ResourceTrackerService entered state INITED
2018-03-07 17:11:05 DEBUG [main] service.AbstractService[AbstractService.java:99] - Service resourceManager.resourceTrackerService.ResourceTrackerService is inited
2018-03-07 17:11:05 DEBUG [main] service.AbstractService[AbstractService.java:134] - Service resourceManager.resourceTrackerService.ResourceTrackerService is started
2018-03-07 17:11:14 DEBUG [main] service.AbstractService[AbstractService.java:197] - Service: Dispatcher entered state INITED
2018-03-07 17:11:14 DEBUG [main] service.AbstractService[AbstractService.java:99] - Service Dispatcher is inited
2018-03-07 17:11:14 DEBUG [main] service.AbstractService[AbstractService.java:134] - Service Dispatcher is started
2018-03-07 17:11:14 DEBUG [main] service.AbstractService[AbstractService.java:197] - Service: nodeManager.nodeStatusUpdater.NodeStatusUpdaterImpl entered state INITED
2018-03-07 17:11:14 DEBUG [main] service.AbstractService[AbstractService.java:99] - Service nodeManager.nodeStatusUpdater.NodeStatusUpdaterImpl is inited
2018-03-07 17:11:14 DEBUG [main] service.AbstractService[AbstractService.java:134] - Service nodeManager.nodeStatusUpdater.NodeStatusUpdaterImpl is started
2018-03-07 17:11:14 DEBUG [main] service.AbstractService[CompositeService.java:49] - Adding service containers-launcher
2018-03-07 17:11:14 DEBUG [main] service.AbstractService[CompositeService.java:49] - Adding service Dispatcher
2018-03-07 17:11:14 DEBUG [main] service.AbstractService[CompositeService.java:49] - Adding service nodeManager.resourceLocalizationService.ResourceLocalizationService
2018-03-07 17:11:14 DEBUG [main] service.AbstractService[AbstractService.java:197] - Service: nodeManager.containerManagerImpl.ContainerManagerImpl entered state INITED
2018-03-07 17:11:14 DEBUG [main] service.AbstractService[CompositeService.java:80] - nodeManager.containerManagerImpl.ContainerManagerImpl: initing services, size=3
2018-03-07 17:11:14 DEBUG [main] service.AbstractService[AbstractService.java:197] - Service: containers-launcher entered state INITED
2018-03-07 17:11:14 DEBUG [main] service.AbstractService[AbstractService.java:99] - Service containers-launcher is inited
2018-03-07 17:11:14 DEBUG [main] service.AbstractService[AbstractService.java:197] - Service: Dispatcher entered state INITED
2018-03-07 17:11:14 DEBUG [main] service.AbstractService[AbstractService.java:99] - Service Dispatcher is inited
2018-03-07 17:11:14 DEBUG [main] service.AbstractService[AbstractService.java:197] - Service: nodeManager.resourceLocalizationService.ResourceLocalizationService entered state INITED
2018-03-07 17:11:14 DEBUG [main] service.AbstractService[AbstractService.java:197] - Service:  entered state INITED
2018-03-07 17:11:14 DEBUG [main] service.AbstractService[AbstractService.java:99] - Service  is inited
2018-03-07 17:11:14 DEBUG [main] service.AbstractService[AbstractService.java:99] - Service nodeManager.resourceLocalizationService.ResourceLocalizationService is inited
2018-03-07 17:11:14 DEBUG [main] service.AbstractService[AbstractService.java:99] - Service nodeManager.containerManagerImpl.ContainerManagerImpl is inited
2018-03-07 17:11:14 DEBUG [main] service.AbstractService[CompositeService.java:91] - nodeManager.containerManagerImpl.ContainerManagerImpl: starting services, size=3
2018-03-07 17:11:14 DEBUG [main] service.AbstractService[AbstractService.java:134] - Service containers-launcher is started
2018-03-07 17:11:14 DEBUG [main] service.AbstractService[AbstractService.java:134] - Service Dispatcher is started
2018-03-07 17:11:14 DEBUG [main] service.AbstractService[AbstractService.java:134] - Service  is started
2018-03-07 17:11:14 DEBUG [main] service.AbstractService[AbstractService.java:134] - Service nodeManager.resourceLocalizationService.ResourceLocalizationService is started
2018-03-07 17:11:14 DEBUG [main] service.AbstractService[AbstractService.java:134] - Service nodeManager.containerManagerImpl.ContainerManagerImpl is started
2018-03-07 17:11:30 DEBUG [main] service.AbstractService[AbstractService.java:197] - Service: client.YarnClientImpl entered state INITED
2018-03-07 17:11:30 DEBUG [main] service.AbstractService[AbstractService.java:99] - Service client.YarnClientImpl is inited
2018-03-07 17:11:30 DEBUG [main] service.AbstractService[AbstractService.java:134] - Service client.YarnClientImpl is started
2018-03-07 17:13:06 DEBUG [main] service.AbstractService[AbstractService.java:197] - Service: Dispatcher entered state INITED
2018-03-07 17:13:06 DEBUG [main] service.AbstractService[AbstractService.java:99] - Service Dispatcher is inited
2018-03-07 17:13:06 DEBUG [main] service.AbstractService[AbstractService.java:134] - Service Dispatcher is started
2018-03-07 17:13:06 DEBUG [main] service.AbstractService[AbstractService.java:197] - Service: resourceManager.applicationMasterLauncher.ApplicationMasterLauncher entered state INITED
2018-03-07 17:13:06 DEBUG [main] service.AbstractService[AbstractService.java:99] - Service resourceManager.applicationMasterLauncher.ApplicationMasterLauncher is inited
2018-03-07 17:13:06 DEBUG [main] service.AbstractService[AbstractService.java:134] - Service resourceManager.applicationMasterLauncher.ApplicationMasterLauncher is started
2018-03-07 17:13:06 DEBUG [main] service.AbstractService[AbstractService.java:197] - Service: ClientRMService entered state INITED
2018-03-07 17:13:06 DEBUG [main] service.AbstractService[AbstractService.java:99] - Service ClientRMService is inited
2018-03-07 17:13:06 DEBUG [main] service.AbstractService[AbstractService.java:134] - Service ClientRMService is started
2018-03-07 17:13:06 DEBUG [main] service.AbstractService[AbstractService.java:197] - Service: resourceManager.resourceTrackerService.ResourceTrackerService entered state INITED
2018-03-07 17:13:06 DEBUG [main] service.AbstractService[AbstractService.java:99] - Service resourceManager.resourceTrackerService.ResourceTrackerService is inited
2018-03-07 17:13:06 DEBUG [main] service.AbstractService[AbstractService.java:134] - Service resourceManager.resourceTrackerService.ResourceTrackerService is started
2018-03-07 17:13:09 DEBUG [main] service.AbstractService[AbstractService.java:197] - Service: Dispatcher entered state INITED
2018-03-07 17:13:09 DEBUG [main] service.AbstractService[AbstractService.java:99] - Service Dispatcher is inited
2018-03-07 17:13:09 DEBUG [main] service.AbstractService[AbstractService.java:134] - Service Dispatcher is started
2018-03-07 17:13:09 DEBUG [main] service.AbstractService[AbstractService.java:197] - Service: nodeManager.nodeStatusUpdater.NodeStatusUpdaterImpl entered state INITED
2018-03-07 17:13:09 DEBUG [main] service.AbstractService[AbstractService.java:99] - Service nodeManager.nodeStatusUpdater.NodeStatusUpdaterImpl is inited
2018-03-07 17:13:09 DEBUG [main] service.AbstractService[AbstractService.java:134] - Service nodeManager.nodeStatusUpdater.NodeStatusUpdaterImpl is started
2018-03-07 17:13:09 DEBUG [main] service.AbstractService[CompositeService.java:49] - Adding service containers-launcher
2018-03-07 17:13:09 DEBUG [main] service.AbstractService[CompositeService.java:49] - Adding service Dispatcher
2018-03-07 17:13:09 DEBUG [main] service.AbstractService[CompositeService.java:49] - Adding service nodeManager.resourceLocalizationService.ResourceLocalizationService
2018-03-07 17:13:09 DEBUG [main] service.AbstractService[AbstractService.java:197] - Service: nodeManager.containerManagerImpl.ContainerManagerImpl entered state INITED
2018-03-07 17:13:09 DEBUG [main] service.AbstractService[CompositeService.java:80] - nodeManager.containerManagerImpl.ContainerManagerImpl: initing services, size=3
2018-03-07 17:13:09 DEBUG [main] service.AbstractService[AbstractService.java:197] - Service: containers-launcher entered state INITED
2018-03-07 17:13:09 DEBUG [main] service.AbstractService[AbstractService.java:99] - Service containers-launcher is inited
2018-03-07 17:13:09 DEBUG [main] service.AbstractService[AbstractService.java:197] - Service: Dispatcher entered state INITED
2018-03-07 17:13:09 DEBUG [main] service.AbstractService[AbstractService.java:99] - Service Dispatcher is inited
2018-03-07 17:13:09 DEBUG [main] service.AbstractService[AbstractService.java:197] - Service: nodeManager.resourceLocalizationService.ResourceLocalizationService entered state INITED
2018-03-07 17:13:09 DEBUG [main] service.AbstractService[AbstractService.java:197] - Service:  entered state INITED
2018-03-07 17:13:09 DEBUG [main] service.AbstractService[AbstractService.java:99] - Service  is inited
2018-03-07 17:13:09 DEBUG [main] service.AbstractService[AbstractService.java:99] - Service nodeManager.resourceLocalizationService.ResourceLocalizationService is inited
2018-03-07 17:13:09 DEBUG [main] service.AbstractService[AbstractService.java:99] - Service nodeManager.containerManagerImpl.ContainerManagerImpl is inited
2018-03-07 17:13:09 DEBUG [main] service.AbstractService[CompositeService.java:91] - nodeManager.containerManagerImpl.ContainerManagerImpl: starting services, size=3
2018-03-07 17:13:09 DEBUG [main] service.AbstractService[AbstractService.java:134] - Service containers-launcher is started
2018-03-07 17:13:09 DEBUG [main] service.AbstractService[AbstractService.java:134] - Service Dispatcher is started
2018-03-07 17:13:09 DEBUG [main] service.AbstractService[AbstractService.java:134] - Service  is started
2018-03-07 17:13:09 DEBUG [main] service.AbstractService[AbstractService.java:134] - Service nodeManager.resourceLocalizationService.ResourceLocalizationService is started
2018-03-07 17:13:09 DEBUG [main] service.AbstractService[AbstractService.java:134] - Service nodeManager.containerManagerImpl.ContainerManagerImpl is started
2018-03-07 17:13:12 DEBUG [main] service.AbstractService[AbstractService.java:197] - Service: client.YarnClientImpl entered state INITED
2018-03-07 17:13:12 DEBUG [main] service.AbstractService[AbstractService.java:99] - Service client.YarnClientImpl is inited
2018-03-07 17:13:12 DEBUG [main] service.AbstractService[AbstractService.java:134] - Service client.YarnClientImpl is started
